2023-04-27T10:24:12+00:00 NOTICE subscriber_sync :: Webhook has invalid event :: Array
(
    [email] => rasim.m@oilfund.az
)

2023-04-27T10:24:13+00:00 NOTICE subscriber_sync :: Webhook has invalid event :: Array
(
    [email] => uhasanova@oilfund.az
)

2023-04-27T10:24:13+00:00 NOTICE subscriber_sync :: Webhook has invalid event :: Array
(
    [email] => bkhaykin@comcast.net
)

2023-04-27T10:24:14+00:00 NOTICE subscriber_sync :: Webhook has invalid event :: Array
(
    [email] => jalthani@qac.edu.qa
)

2023-04-27T10:24:16+00:00 NOTICE subscriber_sync :: Webhook has invalid event :: Array
(
    [email] => elleu@live.com
)

2023-04-27T10:24:16+00:00 NOTICE subscriber_sync :: Webhook has invalid event :: Array
(
    [email] => jvazquez@tinsa.co
)

2023-04-27T10:24:18+00:00 NOTICE subscriber_sync :: Webhook has invalid event :: Array
(
    [email] => luisenriquecruz@hidalgo.gob.mx
)

2023-04-27T10:24:22+00:00 NOTICE subscriber_sync :: Webhook has invalid event :: Array
(
    [email] => mbetancur@tinsa.co
)

2023-04-27T10:24:25+00:00 NOTICE subscriber_sync :: Webhook has invalid event :: Array
(
    [email] => rashad.m.hajiyev@gmail.com
)

2023-04-27T10:24:26+00:00 NOTICE subscriber_sync :: Webhook has invalid event :: Array
(
    [email] => mhotdiggity@aol.com
)

2023-04-27T10:24:37+00:00 NOTICE subscriber_sync :: Webhook has invalid event :: Array
(
    [email] => ayman.fathy@adnh.com
)

2023-04-27T10:24:39+00:00 NOTICE subscriber_sync :: Webhook has invalid event :: Array
(
    [email] => issa@goodwinqatar.com
)

2023-04-27T10:24:39+00:00 NOTICE subscriber_sync :: Webhook has invalid event :: Array
(
    [email] => joerg.weber@allianz.com
)

2023-04-27T10:24:42+00:00 NOTICE subscriber_sync :: Webhook has invalid event :: Array
(
    [email] => sanaz1151@icloud.com
)

2023-04-27T10:24:44+00:00 NOTICE subscriber_sync :: Webhook has invalid event :: Array
(
    [email] => jarios@celistics.com
)

2023-04-27T10:24:45+00:00 NOTICE subscriber_sync :: Webhook has invalid event :: Array
(
    [email] => aalsaad@pic.com.kw
)

2023-04-27T10:24:48+00:00 NOTICE subscriber_sync :: Webhook has invalid event :: Array
(
    [email] => sdaya@logistica.com.pa
)

2023-04-27T10:24:49+00:00 NOTICE subscriber_sync :: Webhook has invalid event :: Array
(
    [email] => issaraddad@adgeco.ae
)

2023-04-27T10:24:49+00:00 NOTICE subscriber_sync :: Webhook has invalid event :: Array
(
    [email] => r.jreissati@lldj.com
)

2023-04-27T10:24:49+00:00 NOTICE subscriber_sync :: Webhook has invalid event :: Array
(
    [email] => sgencer@apexcovantage.com
)

2023-04-27T10:24:49+00:00 NOTICE subscriber_sync :: Webhook has invalid event :: Array
(
    [email] => slister@macleanengineering.com
)

2023-04-27T10:24:51+00:00 NOTICE subscriber_sync :: Webhook has invalid event :: Array
(
    [email] => guillermo.delafuente@finutil.com.mx
)

2023-04-27T10:24:52+00:00 NOTICE subscriber_sync :: Webhook has invalid event :: Array
(
    [email] => motony@crcsports.co.th
)

2023-04-27T10:24:52+00:00 NOTICE subscriber_sync :: Webhook has invalid event :: Array
(
    [email] => smcgowan@idexcorp.com
)

2023-04-27T10:24:53+00:00 NOTICE subscriber_sync :: Webhook has invalid event :: Array
(
    [email] => abdulla@galadarilaw.com
)

2023-04-27T10:24:54+00:00 NOTICE subscriber_sync :: Webhook has invalid event :: Array
(
    [email] => gm@aldhafrainsurance.ae
)

2023-04-27T10:24:54+00:00 NOTICE subscriber_sync :: Webhook has invalid event :: Array
(
    [email] => vidya@insurevic.com
)

2023-04-27T10:24:55+00:00 NOTICE subscriber_sync :: Webhook has invalid event :: Array
(
    [email] => mathieu.fructueux@adsglobalcorp.com
)

2023-04-27T10:24:59+00:00 NOTICE subscriber_sync :: Webhook has invalid event :: Array
(
    [email] => m.ogutcu@londonenergyclub.org
)

2023-04-27T10:25:00+00:00 NOTICE subscriber_sync :: Webhook has invalid event :: Array
(
    [email] => laurene_hutchins@yahoo.com
)

2023-04-27T10:25:06+00:00 NOTICE subscriber_sync :: Webhook has invalid event :: Array
(
    [email] => chrisserour@icloud.com
)

2023-04-27T10:25:12+00:00 NOTICE subscriber_sync :: Webhook has invalid event :: Array
(
    [email] => bwiko.k@icloud.com
)

2023-04-27T10:26:02+00:00 NOTICE subscriber_sync :: Webhook has invalid event :: Array
(
    [email] => flavioquiroz@hotmail.com
)

2023-04-27T10:26:11+00:00 NOTICE subscriber_sync :: Webhook has invalid event :: Array
(
    [email] => andiashtepani@hotmail.com
)

2023-04-27T10:26:13+00:00 NOTICE subscriber_sync :: Webhook has invalid event :: Array
(
    [email] => gregorymevs@hotmail.com
)

2023-04-27T10:26:17+00:00 NOTICE subscriber_sync :: Webhook has invalid event :: Array
(
    [email] => samaje67@hotmail.com
)

2023-04-27T10:26:26+00:00 NOTICE subscriber_sync :: Webhook has invalid event :: Array
(
    [email] => keembello@hotmail.com
)

2023-04-27T10:26:28+00:00 NOTICE subscriber_sync :: Webhook has invalid event :: Array
(
    [email] => dotysrus2@hotmail.com
)

2023-04-27T10:26:28+00:00 NOTICE subscriber_sync :: Webhook has invalid event :: Array
(
    [email] => charlbaker@hotmail.com
)

2023-04-27T10:26:28+00:00 NOTICE subscriber_sync :: Webhook has invalid event :: Array
(
    [email] => crisye18@hotmail.com
)

2023-04-27T10:26:30+00:00 NOTICE subscriber_sync :: Webhook has invalid event :: Array
(
    [email] => mohsen.alyafay@hotmail.com
)

2023-04-27T10:26:32+00:00 NOTICE subscriber_sync :: Webhook has invalid event :: Array
(
    [email] => Stelaferreira3@hotmail.com
)

2023-04-27T10:26:32+00:00 NOTICE subscriber_sync :: Webhook has invalid event :: Array
(
    [email] => razan-bangash@hotmail.com
)

2023-04-27T10:45:20+00:00 NOTICE webhook :: Subscriber Sync :: unsubscribe :: alejandro.ruiz@genetsis.com :: Array
(
    [subscribed] => 
    [user_id] => 42543
)

2023-04-27T13:02:45+00:00 NOTICE action_scheduler.queue_job :: MailChimp_WooCommerce_Cart_Update queued :: obj_id b6c4f6f942d5b1a67d212b7596d8bd72
2023-04-27T13:04:32+00:00 NOTICE action_scheduler.queue_job :: MailChimp_WooCommerce_Single_Order starts in 90 seconds :: obj_id 62979
2023-04-27T13:04:38+00:00 NOTICE debug :: Order ID 62979 was pending and is now processing :: Array
(
    [new_order] => 1
    [tracking] => Array
        (
            [campaign_id] => 18028b68c7
            [landing_site] => https://thebusinessyear.com/checkout/order-received/62979/?key=wc_order_79QybwZTbt1RH&utm_nooverride=1&order_id=62979&wc_payment_method=stripe&_wpnonce=103553f403&save_payment_method=no&payment_intent=pi_3N1UTwIklOUlCnej2s9aKltP&payment_intent_client_secret=pi_3N1UTwIklOUlCnej2s9aKltP_secret_P0iS6Gse4FUZSxQJTbNTjP2vv&redirect_status=succeeded
        )

)

