2023-05-14T01:41:32+00:00 DEBUG 
====Stripe Version: 7.4.0====
====Start Log====
account
====End Log====


2023-05-14T03:41:53+00:00 DEBUG 
====Stripe Version: 7.4.0====
====Start Log====
account
====End Log====


2023-05-14T05:42:35+00:00 DEBUG 
====Stripe Version: 7.4.0====
====Start Log====
account
====End Log====


2023-05-14T07:41:36+00:00 DEBUG 
====Stripe Version: 7.4.0====
====Start Log====
Your domain has been verified with Apple Pay!
====End Log====


2023-05-14T07:41:37+00:00 DEBUG 
====Stripe Version: 7.4.0====
====Start Log====
Your domain has been verified with Apple Pay!
====End Log====


2023-05-14T07:42:44+00:00 DEBUG 
====Stripe Version: 7.4.0====
====Start Log====
Your domain has been verified with Apple Pay!
====End Log====


2023-05-14T07:42:44+00:00 DEBUG 
====Stripe Version: 7.4.0====
====Start Log====
account
====End Log====


2023-05-14T09:42:59+00:00 DEBUG 
====Stripe Version: 7.4.0====
====Start Log====
account
====End Log====


2023-05-14T11:43:01+00:00 DEBUG 
====Stripe Version: 7.4.0====
====Start Log====
account
====End Log====


2023-05-14T13:43:04+00:00 DEBUG 
====Stripe Version: 7.4.0====
====Start Log====
account
====End Log====


2023-05-14T15:43:08+00:00 DEBUG 
====Stripe Version: 7.4.0====
====Start Log====
account
====End Log====


2023-05-14T17:43:13+00:00 DEBUG 
====Stripe Version: 7.4.0====
====Start Log====
account
====End Log====


2023-05-14T19:43:52+00:00 DEBUG 
====Stripe Version: 7.4.0====
====Start Log====
account
====End Log====


2023-05-14T21:44:14+00:00 DEBUG 
====Stripe Version: 7.4.0====
====Start Log====
account
====End Log====


2023-05-14T23:44:56+00:00 DEBUG 
====Stripe Version: 7.4.0====
====Start Log====
account
====End Log====


