2023-05-17T01:49:09+00:00 DEBUG 
====Stripe Version: 7.4.0====
====Start Log====
account
====End Log====


2023-05-17T03:49:23+00:00 DEBUG 
====Stripe Version: 7.4.0====
====Start Log====
account
====End Log====


2023-05-17T05:49:28+00:00 DEBUG 
====Stripe Version: 7.4.0====
====Start Log====
account
====End Log====


2023-05-17T07:49:33+00:00 DEBUG 
====Stripe Version: 7.4.0====
====Start Log====
account
====End Log====


2023-05-17T09:50:10+00:00 DEBUG 
====Stripe Version: 7.4.0====
====Start Log====
account
====End Log====


2023-05-17T11:50:32+00:00 DEBUG 
====Stripe Version: 7.4.0====
====Start Log====
account
====End Log====


2023-05-17T13:28:29+00:00 DEBUG 
====Stripe Version: 7.4.0====
====Start Log====
Your domain has been verified with Apple Pay!
====End Log====


2023-05-17T13:28:29+00:00 DEBUG 
====Stripe Version: 7.4.0====
====Start Log====
Your domain has been verified with Apple Pay!
====End Log====


2023-05-17T13:29:11+00:00 DEBUG 
====Stripe Version: 7.4.0====
====Start Log====
Your domain has been verified with Apple Pay!
====End Log====


2023-05-17T13:50:39+00:00 DEBUG 
====Stripe Version: 7.4.0====
====Start Log====
account
====End Log====


2023-05-17T15:50:52+00:00 DEBUG 
====Stripe Version: 7.4.0====
====Start Log====
account
====End Log====


2023-05-17T17:51:04+00:00 DEBUG 
====Stripe Version: 7.4.0====
====Start Log====
account
====End Log====


2023-05-17T19:51:16+00:00 DEBUG 
====Stripe Version: 7.4.0====
====Start Log====
account
====End Log====


2023-05-17T21:51:52+00:00 DEBUG 
====Stripe Version: 7.4.0====
====Start Log====
account
====End Log====


2023-05-17T23:52:14+00:00 DEBUG 
====Stripe Version: 7.4.0====
====Start Log====
account
====End Log====


