2023-05-06T00:26:44+00:00 DEBUG 
====Stripe Version: 7.4.0====
====Start Log====
account
====End Log====


2023-05-06T00:40:50+00:00 DEBUG 
====Stripe Version: 7.4.0====
====Start Log====
Stripe Payment Request live mode requires SSL.
====End Log====


2023-05-06T00:40:50+00:00 DEBUG 
====Stripe Version: 7.4.0====
====Start Log====
Stripe Payment Request live mode requires SSL.
====End Log====


2023-05-06T02:27:07+00:00 DEBUG 
====Stripe Version: 7.4.0====
====Start Log====
account
====End Log====


2023-05-06T04:27:10+00:00 DEBUG 
====Stripe Version: 7.4.0====
====Start Log====
account
====End Log====


2023-05-06T06:27:30+00:00 DEBUG 
====Stripe Version: 7.4.0====
====Start Log====
account
====End Log====


2023-05-06T08:27:34+00:00 DEBUG 
====Stripe Version: 7.4.0====
====Start Log====
account
====End Log====


2023-05-06T10:28:11+00:00 DEBUG 
====Stripe Version: 7.4.0====
====Start Log====
account
====End Log====


2023-05-06T12:28:50+00:00 DEBUG 
====Stripe Version: 7.4.0====
====Start Log====
account
====End Log====


2023-05-06T14:28:51+00:00 DEBUG 
====Stripe Version: 7.4.0====
====Start Log====
account
====End Log====


2023-05-06T16:29:17+00:00 DEBUG 
====Stripe Version: 7.4.0====
====Start Log====
account
====End Log====


2023-05-06T18:29:38+00:00 DEBUG 
====Stripe Version: 7.4.0====
====Start Log====
account
====End Log====


2023-05-06T20:30:10+00:00 DEBUG 
====Stripe Version: 7.4.0====
====Start Log====
account
====End Log====


2023-05-06T22:30:54+00:00 DEBUG 
====Stripe Version: 7.4.0====
====Start Log====
account
====End Log====


