2023-04-20T00:43:41+00:00 DEBUG 
====Stripe Version: 7.3.0====
====Start Log====
Your domain has been verified with Apple Pay!
====End Log====


2023-04-20T00:43:41+00:00 DEBUG 
====Stripe Version: 7.3.0====
====Start Log====
Your domain has been verified with Apple Pay!
====End Log====


2023-04-20T00:46:13+00:00 DEBUG 
====Stripe Version: 7.3.0====
====Start Log====
Your domain has been verified with Apple Pay!
====End Log====


2023-04-20T00:46:13+00:00 DEBUG 
====Stripe Version: 7.3.0====
====Start Log====
Your domain has been verified with Apple Pay!
====End Log====


2023-04-20T01:22:46+00:00 DEBUG 
====Stripe Version: 7.3.0====
====Start Log====
Your domain has been verified with Apple Pay!
====End Log====


2023-04-20T01:22:47+00:00 DEBUG 
====Stripe Version: 7.3.0====
====Start Log====
Your domain has been verified with Apple Pay!
====End Log====


2023-04-20T01:26:48+00:00 DEBUG 
====Stripe Version: 7.3.0====
====Start Log====
Your domain has been verified with Apple Pay!
====End Log====


2023-04-20T01:26:48+00:00 DEBUG 
====Stripe Version: 7.3.0====
====Start Log====
Your domain has been verified with Apple Pay!
====End Log====


2023-04-20T01:33:01+00:00 DEBUG 
====Stripe Version: 7.3.0====
====Start Log====
account
====End Log====


2023-04-20T03:33:12+00:00 DEBUG 
====Stripe Version: 7.3.0====
====Start Log====
account
====End Log====


2023-04-20T05:34:02+00:00 DEBUG 
====Stripe Version: 7.3.0====
====Start Log====
account
====End Log====


2023-04-20T06:29:14+00:00 DEBUG 
====Stripe Version: 7.3.0====
====Start Log====
account
====End Log====


2023-04-20T06:53:09+00:00 DEBUG 
====Stripe Version: 7.3.0====
====Start Log====
Your domain has been verified with Apple Pay!
====End Log====


2023-04-20T06:53:09+00:00 DEBUG 
====Stripe Version: 7.3.0====
====Start Log====
Your domain has been verified with Apple Pay!
====End Log====


2023-04-20T06:53:13+00:00 DEBUG 
====Stripe Version: 7.3.0====
====Start Log====
Your domain has been verified with Apple Pay!
====End Log====


2023-04-20T06:53:15+00:00 DEBUG 
====Stripe Version: 7.3.0====
====Start Log====
Your domain has been verified with Apple Pay!
====End Log====


2023-04-20T08:29:15+00:00 DEBUG 
====Stripe Version: 7.3.0====
====Start Log====
account
====End Log====


2023-04-20T08:29:15+00:00 DEBUG 
====Stripe Version: 7.3.0====
====Start Log====
account
====End Log====


2023-04-20T08:29:15+00:00 DEBUG 
====Stripe Version: 7.3.0====
====Start Log====
account
====End Log====


2023-04-20T08:29:15+00:00 DEBUG 
====Stripe Version: 7.3.0====
====Start Log====
account
====End Log====


2023-04-20T10:29:20+00:00 DEBUG 
====Stripe Version: 7.3.0====
====Start Log====
account
====End Log====


2023-04-20T12:29:22+00:00 DEBUG 
====Stripe Version: 7.3.0====
====Start Log====
account
====End Log====


2023-04-20T12:39:38+00:00 DEBUG 
====Stripe Version: 7.3.0====
====Start Log====
Your domain has been verified with Apple Pay!
====End Log====


2023-04-20T12:39:38+00:00 DEBUG 
====Stripe Version: 7.3.0====
====Start Log====
Your domain has been verified with Apple Pay!
====End Log====


2023-04-20T12:39:41+00:00 DEBUG 
====Stripe Version: 7.3.0====
====Start Log====
Your domain has been verified with Apple Pay!
====End Log====


2023-04-20T12:40:37+00:00 DEBUG 
====Stripe Version: 7.3.0====
====Start Log====
Your domain has been verified with Apple Pay!
====End Log====


2023-04-20T12:40:37+00:00 DEBUG 
====Stripe Version: 7.3.0====
====Start Log====
Your domain has been verified with Apple Pay!
====End Log====


2023-04-20T12:40:41+00:00 DEBUG 
====Stripe Version: 7.3.0====
====Start Log====
Your domain has been verified with Apple Pay!
====End Log====


2023-04-20T12:40:42+00:00 DEBUG 
====Stripe Version: 7.3.0====
====Start Log====
Your domain has been verified with Apple Pay!
====End Log====


2023-04-20T13:16:37+00:00 DEBUG 
====Stripe Version: 7.3.0====
====Start Log====
Stripe Payment Request live mode requires SSL.
====End Log====


2023-04-20T13:54:53+00:00 DEBUG 
====Stripe Version: 7.3.0====
====Start Log====
Your domain has been verified with Apple Pay!
====End Log====


2023-04-20T13:54:53+00:00 DEBUG 
====Stripe Version: 7.3.0====
====Start Log====
Your domain has been verified with Apple Pay!
====End Log====


2023-04-20T13:54:58+00:00 DEBUG 
====Stripe Version: 7.3.0====
====Start Log====
Your domain has been verified with Apple Pay!
====End Log====


2023-04-20T14:29:24+00:00 DEBUG 
====Stripe Version: 7.3.0====
====Start Log====
account
====End Log====


2023-04-20T16:29:26+00:00 DEBUG 
====Stripe Version: 7.3.0====
====Start Log====
account
====End Log====


2023-04-20T18:29:31+00:00 DEBUG 
====Stripe Version: 7.3.0====
====Start Log====
account
====End Log====


2023-04-20T20:29:32+00:00 DEBUG 
====Stripe Version: 7.3.0====
====Start Log====
account
====End Log====


2023-04-20T22:29:35+00:00 DEBUG 
====Stripe Version: 7.3.0====
====Start Log====
account
====End Log====


