2023-04-26T01:51:36+00:00 DEBUG 
====Stripe Version: 7.3.0====
====Start Log====
account
====End Log====


2023-04-26T03:52:41+00:00 DEBUG 
====Stripe Version: 7.3.0====
====Start Log====
account
====End Log====


2023-04-26T05:53:14+00:00 DEBUG 
====Stripe Version: 7.3.0====
====Start Log====
account
====End Log====


2023-04-26T07:53:39+00:00 DEBUG 
====Stripe Version: 7.3.0====
====Start Log====
account
====End Log====


2023-04-26T07:53:39+00:00 DEBUG 
====Stripe Version: 7.3.0====
====Start Log====
account
====End Log====


2023-04-26T10:01:13+00:00 DEBUG 
====Stripe Version: 7.3.0====
====Start Log====
account
====End Log====


2023-04-26T12:01:19+00:00 DEBUG 
====Stripe Version: 7.3.0====
====Start Log====
account
====End Log====


2023-04-26T15:48:13+00:00 DEBUG 
====Stripe Version: 7.3.0====
====Start Log====
account
====End Log====


2023-04-26T15:48:13+00:00 DEBUG 
====Stripe Version: 7.3.0====
====Start Log====
account
====End Log====


2023-04-26T17:48:15+00:00 DEBUG 
====Stripe Version: 7.3.0====
====Start Log====
account
====End Log====


2023-04-26T19:48:39+00:00 DEBUG 
====Stripe Version: 7.3.0====
====Start Log====
account
====End Log====


2023-04-26T21:54:37+00:00 DEBUG 
====Stripe Version: 7.3.0====
====Start Log====
account
====End Log====


2023-04-26T23:59:43+00:00 DEBUG 
====Stripe Version: 7.3.0====
====Start Log====
account
====End Log====


