2023-05-07T00:31:22+00:00 DEBUG 
====Stripe Version: 7.4.0====
====Start Log====
account
====End Log====


2023-05-07T02:31:24+00:00 DEBUG 
====Stripe Version: 7.4.0====
====Start Log====
account
====End Log====


2023-05-07T04:31:29+00:00 DEBUG 
====Stripe Version: 7.4.0====
====Start Log====
account
====End Log====


2023-05-07T06:32:27+00:00 DEBUG 
====Stripe Version: 7.4.0====
====Start Log====
account
====End Log====


2023-05-07T08:32:29+00:00 DEBUG 
====Stripe Version: 7.4.0====
====Start Log====
account
====End Log====


2023-05-07T10:32:31+00:00 DEBUG 
====Stripe Version: 7.4.0====
====Start Log====
account
====End Log====


2023-05-07T12:33:29+00:00 DEBUG 
====Stripe Version: 7.4.0====
====Start Log====
account
====End Log====


2023-05-07T14:33:31+00:00 DEBUG 
====Stripe Version: 7.4.0====
====Start Log====
account
====End Log====


2023-05-07T16:33:43+00:00 DEBUG 
====Stripe Version: 7.4.0====
====Start Log====
account
====End Log====


2023-05-07T18:33:57+00:00 DEBUG 
====Stripe Version: 7.4.0====
====Start Log====
account
====End Log====


2023-05-07T20:35:06+00:00 DEBUG 
====Stripe Version: 7.4.0====
====Start Log====
account
====End Log====


2023-05-07T20:35:06+00:00 DEBUG 
====Stripe Version: 7.4.0====
====Start Log====
account
====End Log====


2023-05-07T22:36:43+00:00 DEBUG 
====Stripe Version: 7.4.0====
====Start Log====
account
====End Log====


