2023-05-03T00:18:15+00:00 DEBUG 
====Stripe Version: 7.3.0====
====Start Log====
account
====End Log====


2023-05-03T02:18:21+00:00 DEBUG 
====Stripe Version: 7.3.0====
====Start Log====
account
====End Log====


2023-05-03T04:18:59+00:00 DEBUG 
====Stripe Version: 7.3.0====
====Start Log====
account
====End Log====


2023-05-03T04:18:59+00:00 DEBUG 
====Stripe Version: 7.3.0====
====Start Log====
account
====End Log====


2023-05-03T06:20:05+00:00 DEBUG 
====Stripe Version: 7.3.0====
====Start Log====
account
====End Log====


2023-05-03T08:20:25+00:00 DEBUG 
====Stripe Version: 7.3.0====
====Start Log====
account
====End Log====


2023-05-03T10:20:36+00:00 DEBUG 
====Stripe Version: 7.3.0====
====Start Log====
account
====End Log====


2023-05-03T12:20:39+00:00 DEBUG 
====Stripe Version: 7.3.0====
====Start Log====
account
====End Log====


2023-05-03T14:20:47+00:00 DEBUG 
====Stripe Version: 7.3.0====
====Start Log====
account
====End Log====


2023-05-03T15:16:07+00:00 DEBUG 
====Stripe Version: 7.3.0====
====Start Log====
Stripe Payment Request live mode requires SSL.
====End Log====


2023-05-03T15:16:07+00:00 DEBUG 
====Stripe Version: 7.3.0====
====Start Log====
Stripe Payment Request live mode requires SSL.
====End Log====


2023-05-03T16:21:30+00:00 DEBUG 
====Stripe Version: 7.3.0====
====Start Log====
account
====End Log====


2023-05-03T17:08:55+00:00 DEBUG 
====Stripe Version: 7.3.0====
====Start Log====
Stripe Payment Request live mode requires SSL.
====End Log====


2023-05-03T17:08:55+00:00 DEBUG 
====Stripe Version: 7.3.0====
====Start Log====
Stripe Payment Request live mode requires SSL.
====End Log====


2023-05-03T18:21:33+00:00 DEBUG 
====Stripe Version: 7.3.0====
====Start Log====
account
====End Log====


2023-05-03T18:28:59+00:00 DEBUG 
====Stripe Version: 7.3.0====
====Start Log====
payment_intents request: Array
(
    [amount] => 6000
    [currency] => usd
    [payment_method_types] => Array
        (
            [0] => card
        )

    [capture_method] => automatic
)

====End Log====


2023-05-03T20:21:38+00:00 DEBUG 
====Stripe Version: 7.3.0====
====Start Log====
account
====End Log====


2023-05-03T20:43:23+00:00 DEBUG 
====Stripe Version: 7.3.0====
====Start Log====
Your domain has been verified with Apple Pay!
====End Log====


2023-05-03T20:43:23+00:00 DEBUG 
====Stripe Version: 7.3.0====
====Start Log====
Your domain has been verified with Apple Pay!
====End Log====


2023-05-03T20:43:27+00:00 DEBUG 
====Stripe Version: 7.3.0====
====Start Log====
Your domain has been verified with Apple Pay!
====End Log====


2023-05-03T21:55:53+00:00 DEBUG 
====Stripe Version: 7.3.0====
====Start Log====
Stripe Payment Request live mode requires SSL.
====End Log====


2023-05-03T21:55:53+00:00 DEBUG 
====Stripe Version: 7.3.0====
====Start Log====
Stripe Payment Request live mode requires SSL.
====End Log====


2023-05-03T22:22:07+00:00 DEBUG 
====Stripe Version: 7.3.0====
====Start Log====
account
====End Log====


2023-05-03T22:59:18+00:00 DEBUG 
====Stripe Version: 7.3.0====
====Start Log====
Stripe Payment Request live mode requires SSL.
====End Log====


2023-05-03T22:59:18+00:00 DEBUG 
====Stripe Version: 7.3.0====
====Start Log====
Stripe Payment Request live mode requires SSL.
====End Log====


