2023-05-01T00:56:18+00:00 DEBUG 
====Stripe Version: 7.3.0====
====Start Log====
account
====End Log====


2023-05-01T02:59:58+00:00 DEBUG 
====Stripe Version: 7.3.0====
====Start Log====
account
====End Log====


2023-05-01T03:26:54+00:00 DEBUG 
====Stripe Version: 7.3.0====
====Start Log====
Your domain has been verified with Apple Pay!
====End Log====


2023-05-01T03:29:21+00:00 DEBUG 
====Stripe Version: 7.3.0====
====Start Log====
Your domain has been verified with Apple Pay!
====End Log====


2023-05-01T03:29:33+00:00 DEBUG 
====Stripe Version: 7.3.0====
====Start Log====
Your domain has been verified with Apple Pay!
====End Log====


2023-05-01T05:02:15+00:00 DEBUG 
====Stripe Version: 7.3.0====
====Start Log====
account
====End Log====


2023-05-01T07:02:19+00:00 DEBUG 
====Stripe Version: 7.3.0====
====Start Log====
account
====End Log====


2023-05-01T08:07:22+00:00 DEBUG 
====Stripe Version: 7.3.0====
====Start Log====
account
====End Log====


2023-05-01T10:07:24+00:00 DEBUG 
====Stripe Version: 7.3.0====
====Start Log====
account
====End Log====


2023-05-01T10:07:25+00:00 DEBUG 
====Stripe Version: 7.3.0====
====Start Log====
account
====End Log====


2023-05-01T12:07:49+00:00 DEBUG 
====Stripe Version: 7.3.0====
====Start Log====
account
====End Log====


2023-05-01T14:08:28+00:00 DEBUG 
====Stripe Version: 7.3.0====
====Start Log====
account
====End Log====


2023-05-01T16:08:55+00:00 DEBUG 
====Stripe Version: 7.3.0====
====Start Log====
account
====End Log====


2023-05-01T18:08:56+00:00 DEBUG 
====Stripe Version: 7.3.0====
====Start Log====
account
====End Log====


2023-05-01T20:13:13+00:00 DEBUG 
====Stripe Version: 7.3.0====
====Start Log====
account
====End Log====


2023-05-01T21:20:13+00:00 DEBUG 
====Stripe Version: 7.3.0====
====Start Log====
Stripe Payment Request live mode requires SSL.
====End Log====


2023-05-01T21:20:14+00:00 DEBUG 
====Stripe Version: 7.3.0====
====Start Log====
Stripe Payment Request live mode requires SSL.
====End Log====


2023-05-01T22:13:31+00:00 DEBUG 
====Stripe Version: 7.3.0====
====Start Log====
account
====End Log====


