2023-04-21T00:29:39+00:00 DEBUG 
====Stripe Version: 7.3.0====
====Start Log====
account
====End Log====


2023-04-21T00:29:39+00:00 DEBUG 
====Stripe Version: 7.3.0====
====Start Log====
account
====End Log====


2023-04-21T00:43:43+00:00 DEBUG 
====Stripe Version: 7.3.0====
====Start Log====
Your domain has been verified with Apple Pay!
====End Log====


2023-04-21T00:43:43+00:00 DEBUG 
====Stripe Version: 7.3.0====
====Start Log====
Your domain has been verified with Apple Pay!
====End Log====


2023-04-21T00:43:48+00:00 DEBUG 
====Stripe Version: 7.3.0====
====Start Log====
Your domain has been verified with Apple Pay!
====End Log====


2023-04-21T00:43:50+00:00 DEBUG 
====Stripe Version: 7.3.0====
====Start Log====
Your domain has been verified with Apple Pay!
====End Log====


2023-04-21T01:22:48+00:00 DEBUG 
====Stripe Version: 7.3.0====
====Start Log====
Your domain has been verified with Apple Pay!
====End Log====


2023-04-21T01:22:49+00:00 DEBUG 
====Stripe Version: 7.3.0====
====Start Log====
Your domain has been verified with Apple Pay!
====End Log====


2023-04-21T01:22:54+00:00 DEBUG 
====Stripe Version: 7.3.0====
====Start Log====
Your domain has been verified with Apple Pay!
====End Log====


2023-04-21T01:22:56+00:00 DEBUG 
====Stripe Version: 7.3.0====
====Start Log====
Your domain has been verified with Apple Pay!
====End Log====


2023-04-21T02:29:41+00:00 DEBUG 
====Stripe Version: 7.3.0====
====Start Log====
account
====End Log====


2023-04-21T04:29:44+00:00 DEBUG 
====Stripe Version: 7.3.0====
====Start Log====
account
====End Log====


2023-04-21T06:29:45+00:00 DEBUG 
====Stripe Version: 7.3.0====
====Start Log====
account
====End Log====


2023-04-21T06:53:11+00:00 DEBUG 
====Stripe Version: 7.3.0====
====Start Log====
Your domain has been verified with Apple Pay!
====End Log====


2023-04-21T06:53:11+00:00 DEBUG 
====Stripe Version: 7.3.0====
====Start Log====
Your domain has been verified with Apple Pay!
====End Log====


2023-04-21T06:53:14+00:00 DEBUG 
====Stripe Version: 7.3.0====
====Start Log====
Your domain has been verified with Apple Pay!
====End Log====


2023-04-21T08:29:49+00:00 DEBUG 
====Stripe Version: 7.3.0====
====Start Log====
account
====End Log====


2023-04-21T10:29:50+00:00 DEBUG 
====Stripe Version: 7.3.0====
====Start Log====
account
====End Log====


2023-04-21T12:29:52+00:00 DEBUG 
====Stripe Version: 7.3.0====
====Start Log====
account
====End Log====


2023-04-21T13:54:54+00:00 DEBUG 
====Stripe Version: 7.3.0====
====Start Log====
Your domain has been verified with Apple Pay!
====End Log====


2023-04-21T13:54:54+00:00 DEBUG 
====Stripe Version: 7.3.0====
====Start Log====
Your domain has been verified with Apple Pay!
====End Log====


2023-04-21T13:54:59+00:00 DEBUG 
====Stripe Version: 7.3.0====
====Start Log====
Your domain has been verified with Apple Pay!
====End Log====


2023-04-21T14:29:54+00:00 DEBUG 
====Stripe Version: 7.3.0====
====Start Log====
account
====End Log====


2023-04-21T16:29:58+00:00 DEBUG 
====Stripe Version: 7.3.0====
====Start Log====
account
====End Log====


2023-04-21T18:30:00+00:00 DEBUG 
====Stripe Version: 7.3.0====
====Start Log====
account
====End Log====


2023-04-21T20:30:02+00:00 DEBUG 
====Stripe Version: 7.3.0====
====Start Log====
account
====End Log====


2023-04-21T22:30:04+00:00 DEBUG 
====Stripe Version: 7.3.0====
====Start Log====
account
====End Log====


