2023-05-16T01:47:31+00:00 DEBUG 
====Stripe Version: 7.4.0====
====Start Log====
account
====End Log====


2023-05-16T03:47:33+00:00 DEBUG 
====Stripe Version: 7.4.0====
====Start Log====
account
====End Log====


2023-05-16T05:47:41+00:00 DEBUG 
====Stripe Version: 7.4.0====
====Start Log====
account
====End Log====


2023-05-16T07:47:51+00:00 DEBUG 
====Stripe Version: 7.4.0====
====Start Log====
account
====End Log====


2023-05-16T07:47:51+00:00 DEBUG 
====Stripe Version: 7.4.0====
====Start Log====
account
====End Log====


2023-05-16T08:30:16+00:00 DEBUG 
====Stripe Version: 7.4.0====
====Start Log====
payment_intents request: Array
(
    [amount] => 1000
    [currency] => usd
    [payment_method_types] => Array
        (
            [0] => card
        )

    [capture_method] => automatic
)

====End Log====


2023-05-16T09:47:53+00:00 DEBUG 
====Stripe Version: 7.4.0====
====Start Log====
account
====End Log====


2023-05-16T11:48:19+00:00 DEBUG 
====Stripe Version: 7.4.0====
====Start Log====
account
====End Log====


2023-05-16T13:48:22+00:00 DEBUG 
====Stripe Version: 7.4.0====
====Start Log====
account
====End Log====


2023-05-16T15:48:30+00:00 DEBUG 
====Stripe Version: 7.4.0====
====Start Log====
account
====End Log====


2023-05-16T15:48:30+00:00 DEBUG 
====Stripe Version: 7.4.0====
====Start Log====
account
====End Log====


2023-05-16T15:48:30+00:00 DEBUG 
====Stripe Version: 7.4.0====
====Start Log====
account
====End Log====


2023-05-16T15:48:30+00:00 DEBUG 
====Stripe Version: 7.4.0====
====Start Log====
account
====End Log====


2023-05-16T17:48:34+00:00 DEBUG 
====Stripe Version: 7.4.0====
====Start Log====
account
====End Log====


2023-05-16T19:48:43+00:00 DEBUG 
====Stripe Version: 7.4.0====
====Start Log====
account
====End Log====


2023-05-16T21:48:45+00:00 DEBUG 
====Stripe Version: 7.4.0====
====Start Log====
account
====End Log====


2023-05-16T23:48:47+00:00 DEBUG 
====Stripe Version: 7.4.0====
====Start Log====
account
====End Log====


