2023-04-22T00:30:12+00:00 DEBUG 
====Stripe Version: 7.3.0====
====Start Log====
account
====End Log====


2023-04-22T00:43:45+00:00 DEBUG 
====Stripe Version: 7.3.0====
====Start Log====
Your domain has been verified with Apple Pay!
====End Log====


2023-04-22T00:43:45+00:00 DEBUG 
====Stripe Version: 7.3.0====
====Start Log====
Your domain has been verified with Apple Pay!
====End Log====


2023-04-22T00:43:49+00:00 DEBUG 
====Stripe Version: 7.3.0====
====Start Log====
Your domain has been verified with Apple Pay!
====End Log====


2023-04-22T01:22:50+00:00 DEBUG 
====Stripe Version: 7.3.0====
====Start Log====
Your domain has been verified with Apple Pay!
====End Log====


2023-04-22T01:22:50+00:00 DEBUG 
====Stripe Version: 7.3.0====
====Start Log====
Your domain has been verified with Apple Pay!
====End Log====


2023-04-22T01:22:53+00:00 DEBUG 
====Stripe Version: 7.3.0====
====Start Log====
Your domain has been verified with Apple Pay!
====End Log====


2023-04-22T02:30:17+00:00 DEBUG 
====Stripe Version: 7.3.0====
====Start Log====
account
====End Log====


2023-04-22T04:30:20+00:00 DEBUG 
====Stripe Version: 7.3.0====
====Start Log====
account
====End Log====


2023-04-22T06:30:23+00:00 DEBUG 
====Stripe Version: 7.3.0====
====Start Log====
account
====End Log====


2023-04-22T06:53:12+00:00 DEBUG 
====Stripe Version: 7.3.0====
====Start Log====
Your domain has been verified with Apple Pay!
====End Log====


2023-04-22T06:53:13+00:00 DEBUG 
====Stripe Version: 7.3.0====
====Start Log====
Your domain has been verified with Apple Pay!
====End Log====


2023-04-22T06:53:16+00:00 DEBUG 
====Stripe Version: 7.3.0====
====Start Log====
Your domain has been verified with Apple Pay!
====End Log====


2023-04-22T08:30:25+00:00 DEBUG 
====Stripe Version: 7.3.0====
====Start Log====
account
====End Log====


2023-04-22T10:30:28+00:00 DEBUG 
====Stripe Version: 7.3.0====
====Start Log====
account
====End Log====


2023-04-22T12:30:31+00:00 DEBUG 
====Stripe Version: 7.3.0====
====Start Log====
account
====End Log====


2023-04-22T13:43:27+00:00 DEBUG 
====Stripe Version: 7.3.0====
====Start Log====
Stripe Payment Request live mode requires SSL.
====End Log====


2023-04-22T13:43:27+00:00 DEBUG 
====Stripe Version: 7.3.0====
====Start Log====
Stripe Payment Request live mode requires SSL.
====End Log====


2023-04-22T13:54:56+00:00 DEBUG 
====Stripe Version: 7.3.0====
====Start Log====
Your domain has been verified with Apple Pay!
====End Log====


2023-04-22T13:54:56+00:00 DEBUG 
====Stripe Version: 7.3.0====
====Start Log====
Your domain has been verified with Apple Pay!
====End Log====


2023-04-22T13:55:00+00:00 DEBUG 
====Stripe Version: 7.3.0====
====Start Log====
Your domain has been verified with Apple Pay!
====End Log====


2023-04-22T14:30:41+00:00 DEBUG 
====Stripe Version: 7.3.0====
====Start Log====
account
====End Log====


2023-04-22T16:30:42+00:00 DEBUG 
====Stripe Version: 7.3.0====
====Start Log====
account
====End Log====


2023-04-22T18:27:40+00:00 DEBUG 
====Stripe Version: 7.3.0====
====Start Log====
Your domain has been verified with Apple Pay!
====End Log====


2023-04-22T18:27:40+00:00 DEBUG 
====Stripe Version: 7.3.0====
====Start Log====
Your domain has been verified with Apple Pay!
====End Log====


2023-04-22T18:27:42+00:00 DEBUG 
====Stripe Version: 7.3.0====
====Start Log====
Your domain has been verified with Apple Pay!
====End Log====


2023-04-22T18:27:42+00:00 DEBUG 
====Stripe Version: 7.3.0====
====Start Log====
Your domain has been verified with Apple Pay!
====End Log====


2023-04-22T18:30:31+00:00 DEBUG 
====Stripe Version: 7.3.0====
====Start Log====
Your domain has been verified with Apple Pay!
====End Log====


2023-04-22T18:30:31+00:00 DEBUG 
====Stripe Version: 7.3.0====
====Start Log====
Your domain has been verified with Apple Pay!
====End Log====


2023-04-22T18:32:00+00:00 DEBUG 
====Stripe Version: 7.3.0====
====Start Log====
account
====End Log====


2023-04-22T20:34:00+00:00 DEBUG 
====Stripe Version: 7.3.0====
====Start Log====
account
====End Log====


2023-04-22T22:34:24+00:00 DEBUG 
====Stripe Version: 7.3.0====
====Start Log====
account
====End Log====


