2023-05-05T00:25:02+00:00 DEBUG 
====Stripe Version: 7.3.0====
====Start Log====
account
====End Log====


2023-05-05T02:25:04+00:00 DEBUG 
====Stripe Version: 7.3.0====
====Start Log====
account
====End Log====


2023-05-05T04:25:40+00:00 DEBUG 
====Stripe Version: 7.3.0====
====Start Log====
account
====End Log====


2023-05-05T06:25:55+00:00 DEBUG 
====Stripe Version: 7.3.0====
====Start Log====
account
====End Log====


2023-05-05T08:25:57+00:00 DEBUG 
====Stripe Version: 7.3.0====
====Start Log====
account
====End Log====


2023-05-05T10:26:21+00:00 DEBUG 
====Stripe Version: 7.3.0====
====Start Log====
account
====End Log====


2023-05-05T12:26:23+00:00 DEBUG 
====Stripe Version: 7.3.0====
====Start Log====
account
====End Log====


2023-05-05T12:57:15+00:00 DEBUG 
====Stripe Version: 7.4.0====
====Start Log====
Your domain has been verified with Apple Pay!
====End Log====


2023-05-05T12:57:15+00:00 DEBUG 
====Stripe Version: 7.4.0====
====Start Log====
Your domain has been verified with Apple Pay!
====End Log====


2023-05-05T12:57:15+00:00 DEBUG 
====Stripe Version: 7.4.0====
====Start Log====
Your domain has been verified with Apple Pay!
====End Log====


2023-05-05T12:57:15+00:00 DEBUG 
====Stripe Version: 7.4.0====
====Start Log====
Your domain has been verified with Apple Pay!
====End Log====


2023-05-05T14:26:27+00:00 DEBUG 
====Stripe Version: 7.4.0====
====Start Log====
account
====End Log====


2023-05-05T14:26:28+00:00 DEBUG 
====Stripe Version: 7.4.0====
====Start Log====
account
====End Log====


2023-05-05T16:26:30+00:00 DEBUG 
====Stripe Version: 7.4.0====
====Start Log====
account
====End Log====


2023-05-05T17:23:45+00:00 DEBUG 
====Stripe Version: 7.4.0====
====Start Log====
Stripe Payment Request live mode requires SSL.
====End Log====


2023-05-05T17:23:45+00:00 DEBUG 
====Stripe Version: 7.4.0====
====Start Log====
Stripe Payment Request live mode requires SSL.
====End Log====


2023-05-05T18:26:32+00:00 DEBUG 
====Stripe Version: 7.4.0====
====Start Log====
account
====End Log====


2023-05-05T18:26:32+00:00 DEBUG 
====Stripe Version: 7.4.0====
====Start Log====
account
====End Log====


2023-05-05T18:26:32+00:00 DEBUG 
====Stripe Version: 7.4.0====
====Start Log====
account
====End Log====


2023-05-05T18:26:32+00:00 DEBUG 
====Stripe Version: 7.4.0====
====Start Log====
account
====End Log====


2023-05-05T20:26:37+00:00 DEBUG 
====Stripe Version: 7.4.0====
====Start Log====
account
====End Log====


2023-05-05T22:26:39+00:00 DEBUG 
====Stripe Version: 7.4.0====
====Start Log====
account
====End Log====


